2016-09-24 18:28:27 +0000 0011823383
2016-09-24 18:28:30 +0000 0011823383
2016-09-24 18:28:52 +0000 0011830433
2016-09-24 18:29:00 +0000 0011830433
2016-09-24 18:29:01 +0000 0011830433
2016-09-24 18:29:02 +0000 0011830433
2016-09-24 18:29:03 +0000 0011830433
2016-09-24 18:29:06 +0000 0011830433
2016-09-24 22:39:08 -0400 0011830433
2016-09-24 22:39:12 -0400 0011812860
2016-09-24 22:39:15 -0400 0011808910
2016-09-24 22:39:19 -0400 0011823383
2016-09-24 22:40:35 -0400 0011808910
2016-09-24 22:40:38 -0400 0011823383
2016-09-24 22:40:40 -0400 0011812860
2016-09-24 22:40:41 -0400 0011830433
2016-09-24 23:29:33 -0400 0011823287
2016-09-24 23:29:47 -0400 0011823287
2016-09-24 23:29:48 -0400 0011828563
2016-09-24 23:29:49 -0400 0011817000
2016-09-24 23:29:51 -0400 0011817000
2016-09-24 23:29:52 -0400 0011830433
